<?xml version="1.0" encoding="UTF-8"?>
<!-- Generated by org.testng.reporters.JUnitReportReporter -->
<testsuite skipped="4" hostname="5CG71660NZ" name="com.kone.app.tests.testcases.vbmobile.VbmobileSurveyTests" tests="4" failures="0" timestamp="03 Aug 2018 04:23:45 GMT" time="0.000" errors="0">
  <testcase name="answerSurveyTest" time="0.000" classname="com.kone.app.tests.testcases.vbmobile.VbmobileSurveyTests">
    <skipped/>
  </testcase> <!-- answerSurveyTest -->
  <testcase name="answerSurveyTest" time="0.000" classname="com.kone.app.tests.testcases.vbmobile.VbmobileSurveyTests">
    <skipped/>
  </testcase> <!-- answerSurveyTest -->
  <testcase name="answerSurveyTest" time="0.000" classname="com.kone.app.tests.testcases.vbmobile.VbmobileSurveyTests">
    <skipped/>
  </testcase> <!-- answerSurveyTest -->
  <testcase name="answerSurveyTest" time="0.000" classname="com.kone.app.tests.testcases.vbmobile.VbmobileSurveyTests">
    <skipped/>
  </testcase> <!-- answerSurveyTest -->
</testsuite> <!-- com.kone.app.tests.testcases.vbmobile.VbmobileSurveyTests -->
