<?xml version="1.0" encoding="UTF-8"?>
<!-- Generated by org.testng.reporters.JUnitReportReporter -->
<testsuite skipped="0" hostname="5CG71660NZ" name="com.kone.app.tests.testcases.vbmobile.VbmobileSurveyTests" tests="2" failures="0" timestamp="01 Aug 2018 08:56:57 GMT" time="229.829" errors="0">
  <testcase name="answerSurveyTest" time="106.504" classname="com.kone.app.tests.testcases.vbmobile.VbmobileSurveyTests"/>
  <testcase name="answerSurveyTest" time="123.325" classname="com.kone.app.tests.testcases.vbmobile.VbmobileSurveyTests"/>
</testsuite> <!-- com.kone.app.tests.testcases.vbmobile.VbmobileSurveyTests -->
