<?xml version="1.0" encoding="UTF-8"?>
<!-- Generated by org.testng.reporters.JUnitReportReporter -->
<testsuite skipped="1" hostname="5CG71660NZ" name="com.kone.app.tests.testcases.vbmobile.VbmobileSurveytoLinkOpportunity" tests="2" failures="0" timestamp="09 Aug 2018 08:25:41 GMT" time="90.796" errors="0">
  <testcase name="answerSurveyTest" time="0.000" classname="com.kone.app.tests.testcases.vbmobile.VbmobileSurveytoLinkOpportunity">
    <skipped/>
  </testcase> <!-- answerSurveyTest -->
  <testcase name="answerSurveyTest" time="90.796" classname="com.kone.app.tests.testcases.vbmobile.VbmobileSurveytoLinkOpportunity"/>
</testsuite> <!-- com.kone.app.tests.testcases.vbmobile.VbmobileSurveytoLinkOpportunity -->
