<?xml version="1.0" encoding="UTF-8"?>
<!-- Generated by org.testng.reporters.JUnitReportReporter -->
<testsuite skipped="0" hostname="5CG71660NZ" name="com.kone.app.tests.testcases.vbmobile.VbmobileSurveyTests" tests="4" failures="0" timestamp="09 Aug 2018 11:59:14 GMT" time="1805.664" errors="0">
  <testcase name="answerSurveyTest" time="454.188" classname="com.kone.app.tests.testcases.vbmobile.VbmobileSurveyTests"/>
  <testcase name="answerSurveyTest" time="450.025" classname="com.kone.app.tests.testcases.vbmobile.VbmobileSurveyTests"/>
  <testcase name="answerSurveyTest" time="435.441" classname="com.kone.app.tests.testcases.vbmobile.VbmobileSurveyTests"/>
  <testcase name="answerSurveyTest" time="466.010" classname="com.kone.app.tests.testcases.vbmobile.VbmobileSurveyTests"/>
</testsuite> <!-- com.kone.app.tests.testcases.vbmobile.VbmobileSurveyTests -->
