<?xml version="1.0" encoding="UTF-8"?>
<!-- Generated by org.testng.reporters.JUnitReportReporter -->
<testsuite skipped="0" hostname="5CG71660NZ" name="com.kone.app.tests.testcases.salesforce.SalesforceSurveytoLinkOpportunity" tests="4" failures="0" timestamp="17 Aug 2018 09:33:55 GMT" time="108.643" errors="0">
  <testcase name="loginSiteSurvey" time="25.197" classname="com.kone.app.tests.testcases.salesforce.SalesforceSurveytoLinkOpportunity"/>
  <testcase name="loginSalesForce" time="19.782" classname="com.kone.app.tests.testcases.salesforce.SalesforceSurveytoLinkOpportunity"/>
  <testcase name="loginSiteSurvey" time="26.014" classname="com.kone.app.tests.testcases.salesforce.SalesforceSurveytoLinkOpportunity"/>
  <testcase name="loginSalesForce" time="37.650" classname="com.kone.app.tests.testcases.salesforce.SalesforceSurveytoLinkOpportunity"/>
</testsuite> <!-- com.kone.app.tests.testcases.salesforce.SalesforceSurveytoLinkOpportunity -->
