<?xml version="1.0" encoding="UTF-8"?>
<!-- Generated by org.testng.reporters.JUnitReportReporter -->
<testsuite skipped="0" hostname="5CG71660NZ" name="com.kone.app.tests.testcases.salesforce.SalesforceSurveytoLinkOpportunity" tests="2" failures="0" timestamp="03 Aug 2018 04:44:59 GMT" time="42.952" errors="0">
  <testcase name="loginSiteSurvey" time="17.655" classname="com.kone.app.tests.testcases.salesforce.SalesforceSurveytoLinkOpportunity"/>
  <testcase name="loginSalesForce" time="25.297" classname="com.kone.app.tests.testcases.salesforce.SalesforceSurveytoLinkOpportunity"/>
</testsuite> <!-- com.kone.app.tests.testcases.salesforce.SalesforceSurveytoLinkOpportunity -->
