<?xml version="1.0" encoding="UTF-8"?>
<!-- Generated by org.testng.reporters.JUnitReportReporter -->
<testsuite skipped="0" hostname="5CG71660NZ" name="com.kone.app.tests.testcases.salesforce.SalesforceSurveytoLinkOpportunity" tests="4" failures="0" timestamp="07 Aug 2018 06:01:24 GMT" time="107.437" errors="0">
  <testcase name="loginSalesForce" time="18.064" classname="com.kone.app.tests.testcases.salesforce.SalesforceSurveytoLinkOpportunity"/>
  <testcase name="loginSiteSurvey" time="23.461" classname="com.kone.app.tests.testcases.salesforce.SalesforceSurveytoLinkOpportunity"/>
  <testcase name="loginSiteSurvey" time="27.761" classname="com.kone.app.tests.testcases.salesforce.SalesforceSurveytoLinkOpportunity"/>
  <testcase name="loginSalesForce" time="38.151" classname="com.kone.app.tests.testcases.salesforce.SalesforceSurveytoLinkOpportunity"/>
</testsuite> <!-- com.kone.app.tests.testcases.salesforce.SalesforceSurveytoLinkOpportunity -->
