<?xml version="1.0" encoding="UTF-8"?>
<!-- Generated by org.testng.reporters.JUnitReportReporter -->
<testsuite skipped="0" hostname="5CG71660NZ" name="com.kone.app.tests.testcases.vbmobile.VbmobileAuthenticationTests" tests="2" failures="0" timestamp="31 Jul 2018 05:42:40 GMT" time="183.819" errors="0">
  <testcase name="loginTest" time="99.740" classname="com.kone.app.tests.testcases.vbmobile.VbmobileAuthenticationTests"/>
  <testcase name="loginTest" time="84.079" classname="com.kone.app.tests.testcases.vbmobile.VbmobileAuthenticationTests"/>
</testsuite> <!-- com.kone.app.tests.testcases.vbmobile.VbmobileAuthenticationTests -->
