<?xml version="1.0" encoding="UTF-8"?>
<!-- Generated by org.testng.reporters.JUnitReportReporter -->
<testsuite skipped="0" hostname="5CG71660NZ" name="com.kone.app.tests.testcases.vbmobile.VbmobileSurveytoLinkOpportunity" tests="2" failures="0" timestamp="31 Jul 2018 08:58:38 GMT" time="169.877" errors="0">
  <testcase name="answerSurveyTest" time="83.469" classname="com.kone.app.tests.testcases.vbmobile.VbmobileSurveytoLinkOpportunity"/>
  <testcase name="answerSurveyTest" time="86.408" classname="com.kone.app.tests.testcases.vbmobile.VbmobileSurveytoLinkOpportunity"/>
</testsuite> <!-- com.kone.app.tests.testcases.vbmobile.VbmobileSurveytoLinkOpportunity -->
