<?xml version="1.0" encoding="UTF-8"?>
<!-- Generated by org.testng.reporters.JUnitReportReporter -->
<testsuite skipped="0" hostname="5CG71660NZ" name="com.kone.app.tests.basetests.vbmobile.VbmobileAuthenticationTests" tests="2" failures="0" timestamp="05 Jun 2018 09:18:04 GMT" time="22.496" errors="0">
  <testcase name="logoutTest" time="1.761" classname="com.kone.app.tests.basetests.vbmobile.VbmobileAuthenticationTests"/>
  <testcase name="loginTest" time="20.735" classname="com.kone.app.tests.basetests.vbmobile.VbmobileAuthenticationTests"/>
</testsuite> <!-- com.kone.app.tests.basetests.vbmobile.VbmobileAuthenticationTests -->
