<?xml version="1.0" encoding="UTF-8"?>
<!-- Generated by org.testng.reporters.JUnitReportReporter -->
<testsuite skipped="0" hostname="5CG71660NZ" name="com.kone.app.tests.testcases.vbmobile.VbmobileSurveytoLinkOpportunity" tests="2" failures="0" timestamp="31 Jul 2018 05:42:40 GMT" time="170.463" errors="0">
  <testcase name="answerSurveyTest" time="83.749" classname="com.kone.app.tests.testcases.vbmobile.VbmobileSurveytoLinkOpportunity"/>
  <testcase name="answerSurveyTest" time="86.714" classname="com.kone.app.tests.testcases.vbmobile.VbmobileSurveytoLinkOpportunity"/>
</testsuite> <!-- com.kone.app.tests.testcases.vbmobile.VbmobileSurveytoLinkOpportunity -->
