<?xml version="1.0" encoding="UTF-8"?>
<!-- Generated by org.testng.reporters.JUnitReportReporter -->
<testsuite skipped="0" hostname="5CG71660NZ" name="com.kone.app.tests.testcases.vbmobile.VbmobileSurveyTests" tests="4" failures="0" timestamp="16 Aug 2018 04:09:26 GMT" time="1808.392" errors="0">
  <testcase name="answerSurveyTest" time="449.409" classname="com.kone.app.tests.testcases.vbmobile.VbmobileSurveyTests"/>
  <testcase name="answerSurveyTest" time="439.283" classname="com.kone.app.tests.testcases.vbmobile.VbmobileSurveyTests"/>
  <testcase name="answerSurveyTest" time="451.544" classname="com.kone.app.tests.testcases.vbmobile.VbmobileSurveyTests"/>
  <testcase name="answerSurveyTest" time="468.156" classname="com.kone.app.tests.testcases.vbmobile.VbmobileSurveyTests"/>
</testsuite> <!-- com.kone.app.tests.testcases.vbmobile.VbmobileSurveyTests -->
