<?xml version="1.0" encoding="UTF-8"?>
<!-- Generated by org.testng.reporters.JUnitReportReporter -->
<testsuite skipped="0" hostname="5CG71660NZ" name="com.kone.app.tests.testcases.vbmobile.VbmobileAuthenticationTests" tests="2" failures="0" timestamp="09 Aug 2018 09:22:47 GMT" time="44.791" errors="0">
  <testcase name="loginTest" time="23.422" classname="com.kone.app.tests.testcases.vbmobile.VbmobileAuthenticationTests"/>
  <testcase name="loginTest" time="21.369" classname="com.kone.app.tests.testcases.vbmobile.VbmobileAuthenticationTests"/>
</testsuite> <!-- com.kone.app.tests.testcases.vbmobile.VbmobileAuthenticationTests -->
