<?xml version="1.0" encoding="UTF-8"?>
<!-- Generated by org.testng.reporters.JUnitReportReporter -->
<testsuite skipped="0" hostname="5CG71660NZ" name="com.kone.app.tests.testcases.vbmobile.VbmobileSurveyTests" tests="2" failures="0" timestamp="02 Aug 2018 05:14:08 GMT" time="269.990" errors="0">
  <testcase name="answerSurveyTest" time="159.956" classname="com.kone.app.tests.testcases.vbmobile.VbmobileSurveyTests"/>
  <testcase name="answerSurveyTest" time="110.034" classname="com.kone.app.tests.testcases.vbmobile.VbmobileSurveyTests"/>
</testsuite> <!-- com.kone.app.tests.testcases.vbmobile.VbmobileSurveyTests -->
