<?xml version="1.0" encoding="UTF-8"?>
<!-- Generated by org.testng.reporters.JUnitReportReporter -->
<testsuite skipped="0" hostname="5CG71660NZ" name="com.kone.app.tests.testcases.salesforce.SalesforceAuthenticationTests" tests="4" failures="0" timestamp="09 Aug 2018 11:59:14 GMT" time="201.601" errors="0">
  <testcase name="loginSalesForce" time="42.839" classname="com.kone.app.tests.testcases.salesforce.SalesforceAuthenticationTests"/>
  <testcase name="loginSalesForce" time="44.679" classname="com.kone.app.tests.testcases.salesforce.SalesforceAuthenticationTests"/>
  <testcase name="loginSalesForce" time="64.223" classname="com.kone.app.tests.testcases.salesforce.SalesforceAuthenticationTests"/>
  <testcase name="loginSalesForce" time="49.860" classname="com.kone.app.tests.testcases.salesforce.SalesforceAuthenticationTests"/>
</testsuite> <!-- com.kone.app.tests.testcases.salesforce.SalesforceAuthenticationTests -->
