<?xml version="1.0" encoding="UTF-8"?>
<!-- Generated by org.testng.reporters.JUnitReportReporter -->
<testsuite skipped="0" hostname="5CG71660NZ" name="com.kone.app.tests.basetests.salesforce.SalesforceAuthenticationTests" tests="1" failures="0" timestamp="15 Jun 2018 11:08:55 GMT" time="82.564" errors="0">
  <testcase name="loginSalesForce" time="82.564" classname="com.kone.app.tests.basetests.salesforce.SalesforceAuthenticationTests"/>
</testsuite> <!-- com.kone.app.tests.basetests.salesforce.SalesforceAuthenticationTests -->
