<?xml version="1.0" encoding="UTF-8"?>
<!-- Generated by org.testng.reporters.JUnitReportReporter -->
<testsuite skipped="0" hostname="5CG71660NZ" name="com.kone.app.tests.testcases.vbmobile.VbmobileAuthenticationTests" tests="2" failures="0" timestamp="01 Aug 2018 08:56:57 GMT" time="138.269" errors="0">
  <testcase name="loginTest" time="64.880" classname="com.kone.app.tests.testcases.vbmobile.VbmobileAuthenticationTests"/>
  <testcase name="loginTest" time="73.389" classname="com.kone.app.tests.testcases.vbmobile.VbmobileAuthenticationTests"/>
</testsuite> <!-- com.kone.app.tests.testcases.vbmobile.VbmobileAuthenticationTests -->
