<?xml version="1.0" encoding="UTF-8"?>
<!-- Generated by org.testng.reporters.JUnitReportReporter -->
<testsuite skipped="0" hostname="5CG71660NZ" name="com.kone.app.tests.testcases.salesforce.SalesforceAuthenticationTests" tests="4" failures="0" timestamp="16 Aug 2018 04:09:26 GMT" time="233.330" errors="0">
  <testcase name="loginSalesForce" time="43.311" classname="com.kone.app.tests.testcases.salesforce.SalesforceAuthenticationTests"/>
  <testcase name="loginSalesForce" time="88.836" classname="com.kone.app.tests.testcases.salesforce.SalesforceAuthenticationTests"/>
  <testcase name="loginSalesForce" time="54.979" classname="com.kone.app.tests.testcases.salesforce.SalesforceAuthenticationTests"/>
  <testcase name="loginSalesForce" time="46.204" classname="com.kone.app.tests.testcases.salesforce.SalesforceAuthenticationTests"/>
</testsuite> <!-- com.kone.app.tests.testcases.salesforce.SalesforceAuthenticationTests -->
