<?xml version="1.0" encoding="UTF-8"?>
<!-- Generated by org.testng.reporters.JUnitReportReporter -->
<testsuite skipped="1" hostname="5CG71660NZ" name="com.kone.app.tests.testcases.vbmobile.VbmobileSurveyTests" tests="2" failures="0" timestamp="30 Jul 2018 11:00:16 GMT" time="243.188" errors="0">
  <testcase name="answerSurveyTest" time="0.000" classname="com.kone.app.tests.testcases.vbmobile.VbmobileSurveyTests">
    <skipped/>
  </testcase> <!-- answerSurveyTest -->
  <testcase name="answerSurveyTest" time="243.188" classname="com.kone.app.tests.testcases.vbmobile.VbmobileSurveyTests"/>
</testsuite> <!-- com.kone.app.tests.testcases.vbmobile.VbmobileSurveyTests -->
