<?xml version="1.0" encoding="UTF-8"?>
<!-- Generated by org.testng.reporters.JUnitReportReporter -->
<testsuite skipped="1" hostname="5CG71660NZ" name="com.kone.app.tests.testcases.salesforce.SalesforceAuthenticationTests" tests="1" failures="0" timestamp="17 Jul 2018 11:52:54 GMT" time="0.000" errors="0">
  <testcase name="loginSalesForce" time="0.000" classname="com.kone.app.tests.testcases.salesforce.SalesforceAuthenticationTests">
    <skipped/>
  </testcase> <!-- loginSalesForce -->
</testsuite> <!-- com.kone.app.tests.testcases.salesforce.SalesforceAuthenticationTests -->
