<?xml version="1.0" encoding="UTF-8"?>
<!-- Generated by org.testng.reporters.JUnitReportReporter -->
<testsuite skipped="0" hostname="5CG71660NZ" name="com.kone.app.tests.testcases.vbmobile.VbmobileSurveytoLinkOpportunity" tests="1" failures="0" timestamp="23 Jul 2018 05:24:55 GMT" time="0.297" errors="1">
  <testcase name="answerSurveyTest" time="0.297" classname="com.kone.app.tests.testcases.vbmobile.VbmobileSurveytoLinkOpportunity">
    <error type="org.openqa.selenium.WebDriverException" message="unknown error: Element &lt;button class=&quot;md-icon-button md-button md-default-theme&quot; ng-transclude=&quot;&quot; aria-label=&quot;SideMenu&quot; ng-click=&quot;toggle();&quot;&gt;...&lt;/button&gt; is not clickable at point (32, 41). Other element would receive the click: &lt;div class=&quot;ngdialog-overlay&quot;&gt;&lt;/div&gt;
  (Session info: chrome=67.0.3396.87)
  (Driver info: chromedriver=2.40.565498 (ea082db3280dd6843ebfb08a625e3eb905c4f5ab),platform=Windows NT 6.1.7601 SP1 x86_64) (WARNING: The server did not provide any stacktrace information)
Command duration or timeout: 0 milliseconds
Build info: version: &#039;3.12.0&#039;, revision: &#039;7c6e0b3&#039;, time: &#039;2018-05-08T14:04:26.12Z&#039;
System info: host: &#039;5CG71660NZ&#039;, ip: &#039;10.114.127.235&#039;, os.name: &#039;Windows 7&#039;, os.arch: &#039;amd64&#039;, os.version: &#039;6.1&#039;, java.version: &#039;1.8.0_144&#039;
Driver info: io.appium.java_client.android.AndroidDriver
Capabilities {appActivity: com.kone.MainActivity, appPackage: com.kone.vbmobile.debug, automationName: UiAutomator2, chromedriverExecutable: C:\Users\con_svijay02\mobil..., databaseEnabled: false, desired: {appActivity: com.kone.MainActivity, appPackage: com.kone.vbmobile.debug, automationName: UiAutomator2, chromedriverExecutable: C:\Users\con_svijay02\mobil..., deviceName: My Phone, newCommandTimeout: 300, noReset: false, platformName: Android}, deviceApiLevel: 26, deviceManufacturer: samsung, deviceModel: SM-G950F, deviceName: ce12171c395d8c3105, deviceScreenDensity: 640, deviceScreenSize: 1440x2960, deviceUDID: ce12171c395d8c3105, javascriptEnabled: true, locationContextEnabled: false, networkConnectionEnabled: true, newCommandTimeout: 300, noReset: false, pixelRatio: 3, platform: LINUX, platformName: LINUX, platformVersion: 8.0.0, statBarHeight: 72, takesScreenshot: true, viewportRect: {height: 2004, left: 0, top: 72, width: 1080}, warnings: {}, webStorageEnabled: false}
Session ID: 0340eaa3-8d14-4395-b2e3-edda7b4f54e8">
      <![CDATA[org.openqa.selenium.WebDriverException: unknown error: Element <button class="md-icon-button md-button md-default-theme" ng-transclude="" aria-label="SideMenu" ng-click="toggle();">...</button> is not clickable at point (32, 41). Other element would receive the click: <div class="ngdialog-overlay"></div>  (Session info: chrome=67.0.3396.87)  (Driver info: chromedriver=2.40.565498 (ea082db3280dd6843ebfb08a625e3eb905c4f5ab),platform=Windows NT 6.1.7601 SP1 x86_64) (WARNING: The server did not provide any stacktrace information)Command duration or timeout: 0 millisecondsBuild info: version: '3.12.0', revision: '7c6e0b3', time: '2018-05-08T14:04:26.12Z'System info: host: '5CG71660NZ', ip: '10.114.127.235', os.name: 'Windows 7', os.arch: 'amd64', os.version: '6.1', java.version: '1.8.0_144'Driver info: io.appium.java_client.android.AndroidDriverCapabilities {appActivity: com.kone.MainActivity, appPackage: com.kone.vbmobile.debug, automationName: UiAutomator2, chromedriverExecutable: C:\Users\con_svijay02\mobil..., databaseEnabled: false, desired: {appActivity: com.kone.MainActivity, appPackage: com.kone.vbmobile.debug, automationName: UiAutomator2, chromedriverExecutable: C:\Users\con_svijay02\mobil..., deviceName: My Phone, newCommandTimeout: 300, noReset: false, platformName: Android}, deviceApiLevel: 26, deviceManufacturer: samsung, deviceModel: SM-G950F, deviceName: ce12171c395d8c3105, deviceScreenDensity: 640, deviceScreenSize: 1440x2960, deviceUDID: ce12171c395d8c3105, javascriptEnabled: true, locationContextEnabled: false, networkConnectionEnabled: true, newCommandTimeout: 300, noReset: false, pixelRatio: 3, platform: LINUX, platformName: LINUX, platformVersion: 8.0.0, statBarHeight: 72, takesScreenshot: true, viewportRect: {height: 2004, left: 0, top: 72, width: 1080}, warnings: {}, webStorageEnabled: false}Session ID: 0340eaa3-8d14-4395-b2e3-edda7b4f54e8at sun.reflect.NativeConstructorAccessorImpl.newInstance0(Native Method)at sun.reflect.NativeConstructorAccessorImpl.newInstance(Unknown Source)at sun.reflect.DelegatingConstructorAccessorImpl.newInstance(Unknown Source)at java.lang.reflect.Constructor.newInstance(Unknown Source)at org.openqa.selenium.remote.ErrorHandler.createThrowable(ErrorHandler.java:214)at org.openqa.selenium.remote.ErrorHandler.throwIfResponseFailed(ErrorHandler.java:166)at org.openqa.selenium.remote.http.JsonHttpResponseCodec.reconstructValue(JsonHttpResponseCodec.java:40)at org.openqa.selenium.remote.http.AbstractHttpResponseCodec.decode(AbstractHttpResponseCodec.java:80)at org.openqa.selenium.remote.http.AbstractHttpResponseCodec.decode(AbstractHttpResponseCodec.java:44)at org.openqa.selenium.remote.HttpCommandExecutor.execute(HttpCommandExecutor.java:158)at io.appium.java_client.remote.AppiumCommandExecutor.execute(AppiumCommandExecutor.java:129)at org.openqa.selenium.remote.RemoteWebDriver.execute(RemoteWebDriver.java:543)at io.appium.java_client.DefaultGenericMobileDriver.execute(DefaultGenericMobileDriver.java:42)at io.appium.java_client.AppiumDriver.execute(AppiumDriver.java:1)at io.appium.java_client.android.AndroidDriver.execute(AndroidDriver.java:1)at org.openqa.selenium.remote.RemoteWebElement.execute(RemoteWebElement.java:276)at io.appium.java_client.DefaultGenericMobileElement.execute(DefaultGenericMobileElement.java:45)at io.appium.java_client.MobileElement.execute(MobileElement.java:1)at io.appium.java_client.android.AndroidElement.execute(AndroidElement.java:1)at org.openqa.selenium.remote.RemoteWebElement.click(RemoteWebElement.java:83)at com.kone.app.pages.vbmobile.SurveyManagerPage.openSideMenu(SurveyManagerPage.java:28)at com.kone.app.tests.testcases.vbmobile.VbmobileSurveytoLinkOpportunity.answerSurveyTest(VbmobileSurveytoLinkOpportunity.java:37)at sun.reflect.NativeMethodAccessorImpl.invoke0(Native Method)at sun.reflect.NativeMethodAccessorImpl.invoke(Unknown Source)at sun.reflect.DelegatingMethodAccessorImpl.invoke(Unknown Source)at java.lang.reflect.Method.invoke(Unknown Source)at org.testng.internal.MethodInvocationHelper.invokeMethod(MethodInvocationHelper.java:124)at org.testng.internal.Invoker.invokeMethod(Invoker.java:571)at org.testng.internal.Invoker.invokeTestMethod(Invoker.java:707)at org.testng.internal.Invoker.invokeTestMethods(Invoker.java:979)at org.testng.internal.TestMethodWorker.invokeTestMethods(TestMethodWorker.java:125)at org.testng.internal.TestMethodWorker.run(TestMethodWorker.java:109)at org.testng.TestRunner.privateRun(TestRunner.java:648)at org.testng.TestRunner.run(TestRunner.java:505)at org.testng.SuiteRunner.runTest(SuiteRunner.java:455)at org.testng.SuiteRunner.runSequentially(SuiteRunner.java:450)at org.testng.SuiteRunner.privateRun(SuiteRunner.java:415)at org.testng.SuiteRunner.run(SuiteRunner.java:364)at org.testng.SuiteRunnerWorker.runSuite(SuiteRunnerWorker.java:52)at org.testng.SuiteRunnerWorker.run(SuiteRunnerWorker.java:84)at org.testng.TestNG.runSuitesSequentially(TestNG.java:1187)at org.testng.TestNG.runSuitesLocally(TestNG.java:1116)at org.testng.TestNG.runSuites(TestNG.java:1028)at org.testng.TestNG.run(TestNG.java:996)at org.testng.remote.AbstractRemoteTestNG.run(AbstractRemoteTestNG.java:114)at org.testng.remote.RemoteTestNG.initAndRun(RemoteTestNG.java:251)at org.testng.remote.RemoteTestNG.main(RemoteTestNG.java:77)]]>
    </error>
  </testcase> <!-- answerSurveyTest -->
</testsuite> <!-- com.kone.app.tests.testcases.vbmobile.VbmobileSurveytoLinkOpportunity -->
