<?xml version="1.0" encoding="UTF-8"?>
<!-- Generated by org.testng.reporters.JUnitReportReporter -->
<testsuite skipped="0" hostname="5CG71660NZ" name="com.kone.app.tests.testcases.vbmobile.VbmobileAuthenticationTests" tests="3" failures="0" timestamp="03 Aug 2018 04:44:59 GMT" time="213.891" errors="0">
  <testcase name="loginTest" time="79.470" classname="com.kone.app.tests.testcases.vbmobile.VbmobileAuthenticationTests"/>
  <testcase name="loginTest" time="71.158" classname="com.kone.app.tests.testcases.vbmobile.VbmobileAuthenticationTests"/>
  <testcase name="loginTest" time="63.263" classname="com.kone.app.tests.testcases.vbmobile.VbmobileAuthenticationTests"/>
</testsuite> <!-- com.kone.app.tests.testcases.vbmobile.VbmobileAuthenticationTests -->
