<?xml version="1.0" encoding="UTF-8"?>
<!-- Generated by org.testng.reporters.JUnitReportReporter -->
<testsuite skipped="0" hostname="5CG71660NZ" name="com.kone.app.tests.testcases.salesforce.SalesforceAuthenticationTests" tests="2" failures="0" timestamp="01 Aug 2018 12:23:18 GMT" time="106.825" errors="0">
  <testcase name="loginSalesForce" time="68.689" classname="com.kone.app.tests.testcases.salesforce.SalesforceAuthenticationTests"/>
  <testcase name="loginSalesForce" time="38.136" classname="com.kone.app.tests.testcases.salesforce.SalesforceAuthenticationTests"/>
</testsuite> <!-- com.kone.app.tests.testcases.salesforce.SalesforceAuthenticationTests -->
