<?xml version="1.0" encoding="UTF-8"?>
<!-- Generated by org.testng.reporters.JUnitReportReporter -->
<testsuite skipped="0" hostname="5CG71660NZ" name="com.kone.app.tests.testcases.vbmobile.VbmobileAuthenticationTests" tests="1" failures="0" timestamp="17 Jul 2018 11:52:54 GMT" time="64.531" errors="0">
  <testcase name="loginTest" time="64.531" classname="com.kone.app.tests.testcases.vbmobile.VbmobileAuthenticationTests"/>
</testsuite> <!-- com.kone.app.tests.testcases.vbmobile.VbmobileAuthenticationTests -->
